11:17:30.282 logback [restartedMain] INFO  com.etc.SpringbootjpaApplication - Starting SpringbootjpaApplication on USER-20190614YY with PID 3496 (D:\IdeaProjects2(2)\springbootjpa\target\classes started by Administrator in D:\IdeaProjects2(2))
11:17:30.298 logback [restartedMain] DEBUG com.etc.SpringbootjpaApplication - Running with Spring Boot v2.3.4.RELEASE, Spring v5.2.9.RELEASE
11:17:30.298 logback [restartedMain] INFO  com.etc.SpringbootjpaApplication - No active profile set, falling back to default profiles: default
11:17:30.454 logback [restartedMain] INFO  o.s.b.d.e.DevToolsPropertyDefaultsPostProcessor - Devtools property defaults active! Set 'spring.devtools.add-properties' to 'false' to disable
11:17:30.469 logback [restartedMain] INFO  o.s.b.d.e.DevToolsPropertyDefaultsPostProcessor - For additional web related logging consider setting the 'logging.level.web' property to 'DEBUG'
11:17:31.998 logback [restartedMain] INFO  o.s.d.r.c.RepositoryConfigurationDelegate - Bootstrapping Spring Data JPA repositories in DEFERRED mode.
11:17:32.248 logback [restartedMain] INFO  o.s.d.r.c.RepositoryConfigurationDelegate - Finished Spring Data repository scanning in 244ms. Found 2 JPA repository interfaces.
11:17:33.636 logback [restartedMain] INFO  o.s.b.w.e.tomcat.TomcatWebServer - Tomcat initialized with port(s): 9090 (http)
11:17:33.683 logback [restartedMain] INFO  o.a.coyote.http11.Http11NioProtocol - Initializing ProtocolHandler ["http-nio-9090"]
11:17:33.683 logback [restartedMain] INFO  o.a.catalina.core.StandardService - Starting service [Tomcat]
11:17:33.683 logback [restartedMain] INFO  o.a.catalina.core.StandardEngine - Starting Servlet engine: [Apache Tomcat/9.0.38]
11:17:34.073 logback [restartedMain] INFO  o.a.c.c.C.[Tomcat].[localhost].[/] - Initializing Spring embedded WebApplicationContext
11:17:34.073 logback [restartedMain] INFO  o.s.b.w.s.c.ServletWebServerApplicationContext - Root WebApplicationContext: initialization completed in 3604 ms
11:17:34.556 logback [restartedMain] INFO  o.s.s.c.ThreadPoolTaskExecutor - Initializing ExecutorService 'applicationTaskExecutor'
11:17:34.572 logback [restartedMain] INFO  com.zaxxer.hikari.HikariDataSource - HikariPool-1 - Starting...
11:17:34.962 logback [restartedMain] INFO  com.zaxxer.hikari.HikariDataSource - HikariPool-1 - Start completed.
11:17:35.227 logback [task-1] INFO  o.h.jpa.internal.util.LogHelper - HHH000204: Processing PersistenceUnitInfo [name: default]
11:17:35.321 logback [task-1] INFO  org.hibernate.Version - HHH000412: Hibernate ORM core version 5.4.21.Final
11:17:35.648 logback [task-1] INFO  o.h.annotations.common.Version - HCANN000001: Hibernate Commons Annotations {5.1.0.Final}
11:17:35.960 logback [task-1] INFO  org.hibernate.dialect.Dialect - HHH000400: Using dialect: org.hibernate.dialect.MySQL5Dialect
11:17:38.254 logback [task-1] INFO  o.h.e.t.j.p.i.JtaPlatformInitiator - HHH000490: Using JtaPlatform implementation: [org.hibernate.engine.transaction.jta.platform.internal.NoJtaPlatform]
11:17:38.300 logback [task-1] INFO  o.s.o.j.LocalContainerEntityManagerFactoryBean - Initialized JPA EntityManagerFactory for persistence unit 'default'
11:17:39.782 logback [restartedMain] WARN  o.s.b.a.o.j.JpaBaseConfiguration$JpaWebConfiguration - spring.jpa.open-in-view is enabled by default. Therefore, database queries may be performed during view rendering. Explicitly configure spring.jpa.open-in-view to disable this warning
11:17:40.500 logback [restartedMain] DEBUG o.s.w.s.m.m.a.RequestMappingHandlerAdapter - ControllerAdvice beans: 0 @ModelAttribute, 0 @InitBinder, 1 RequestBodyAdvice, 1 ResponseBodyAdvice
11:17:40.640 logback [restartedMain] DEBUG o.s.w.s.m.m.a.RequestMappingHandlerMapping - 4 mappings in 'requestMappingHandlerMapping'
11:17:40.718 logback [restartedMain] DEBUG o.s.w.s.h.SimpleUrlHandlerMapping - Patterns [/webjars/**, /**] in 'resourceHandlerMapping'
11:17:40.750 logback [restartedMain] DEBUG o.s.w.s.m.m.a.ExceptionHandlerExceptionResolver - ControllerAdvice beans: 0 @ExceptionHandler, 1 ResponseBodyAdvice
11:17:41.140 logback [restartedMain] INFO  o.s.b.d.a.OptionalLiveReloadServer - LiveReload server is running on port 35729
11:17:41.202 logback [restartedMain] INFO  o.a.coyote.http11.Http11NioProtocol - Starting ProtocolHandler ["http-nio-9090"]
11:17:41.233 logback [restartedMain] INFO  o.s.b.w.e.tomcat.TomcatWebServer - Tomcat started on port(s): 9090 (http) with context path ''
11:17:41.233 logback [restartedMain] INFO  o.s.d.r.c.DeferredRepositoryInitializationListener - Triggering deferred initialization of Spring Data repositories…
11:17:41.420 logback [restartedMain] INFO  o.s.d.r.c.DeferredRepositoryInitializationListener - Spring Data repositories initialized!
11:17:41.452 logback [restartedMain] INFO  com.etc.SpringbootjpaApplication - Started SpringbootjpaApplication in 12.824 seconds (JVM running for 16.995)
11:18:13.213 logback [restartedMain] INFO  com.etc.SpringbootjpaApplication - Starting SpringbootjpaApplication on USER-20190614YY with PID 1164 (D:\IdeaProjects2(2)\springbootjpa\target\classes started by Administrator in D:\IdeaProjects2(2))
11:18:13.229 logback [restartedMain] DEBUG com.etc.SpringbootjpaApplication - Running with Spring Boot v2.3.4.RELEASE, Spring v5.2.9.RELEASE
11:18:13.229 logback [restartedMain] INFO  com.etc.SpringbootjpaApplication - No active profile set, falling back to default profiles: default
11:18:13.354 logback [restartedMain] INFO  o.s.b.d.e.DevToolsPropertyDefaultsPostProcessor - Devtools property defaults active! Set 'spring.devtools.add-properties' to 'false' to disable
11:18:13.354 logback [restartedMain] INFO  o.s.b.d.e.DevToolsPropertyDefaultsPostProcessor - For additional web related logging consider setting the 'logging.level.web' property to 'DEBUG'
11:18:14.602 logback [restartedMain] INFO  o.s.d.r.c.RepositoryConfigurationDelegate - Bootstrapping Spring Data JPA repositories in DEFERRED mode.
11:18:14.742 logback [restartedMain] INFO  o.s.d.r.c.RepositoryConfigurationDelegate - Finished Spring Data repository scanning in 119ms. Found 2 JPA repository interfaces.
11:18:16.115 logback [restartedMain] INFO  o.s.b.w.e.tomcat.TomcatWebServer - Tomcat initialized with port(s): 9090 (http)
11:18:16.130 logback [restartedMain] INFO  o.a.coyote.http11.Http11NioProtocol - Initializing ProtocolHandler ["http-nio-9090"]
11:18:16.130 logback [restartedMain] INFO  o.a.catalina.core.StandardService - Starting service [Tomcat]
11:18:16.130 logback [restartedMain] INFO  o.a.catalina.core.StandardEngine - Starting Servlet engine: [Apache Tomcat/9.0.38]
11:18:16.380 logback [restartedMain] INFO  o.a.c.c.C.[Tomcat].[localhost].[/] - Initializing Spring embedded WebApplicationContext
11:18:16.396 logback [restartedMain] INFO  o.s.b.w.s.c.ServletWebServerApplicationContext - Root WebApplicationContext: initialization completed in 3042 ms
11:18:16.801 logback [restartedMain] INFO  o.s.s.c.ThreadPoolTaskExecutor - Initializing ExecutorService 'applicationTaskExecutor'
11:18:16.832 logback [restartedMain] INFO  com.zaxxer.hikari.HikariDataSource - HikariPool-1 - Starting...
11:18:17.144 logback [restartedMain] INFO  com.zaxxer.hikari.HikariDataSource - HikariPool-1 - Start completed.
11:18:17.316 logback [task-1] INFO  o.h.jpa.internal.util.LogHelper - HHH000204: Processing PersistenceUnitInfo [name: default]
11:18:17.488 logback [task-1] INFO  org.hibernate.Version - HHH000412: Hibernate ORM core version 5.4.21.Final
11:18:17.722 logback [task-1] INFO  o.h.annotations.common.Version - HCANN000001: Hibernate Commons Annotations {5.1.0.Final}
11:18:17.971 logback [task-1] INFO  org.hibernate.dialect.Dialect - HHH000400: Using dialect: org.hibernate.dialect.MySQL5Dialect
11:18:19.079 logback [task-1] INFO  o.h.e.t.j.p.i.JtaPlatformInitiator - HHH000490: Using JtaPlatform implementation: [org.hibernate.engine.transaction.jta.platform.internal.NoJtaPlatform]
11:18:19.110 logback [task-1] INFO  o.s.o.j.LocalContainerEntityManagerFactoryBean - Initialized JPA EntityManagerFactory for persistence unit 'default'
11:18:19.984 logback [restartedMain] WARN  o.s.b.a.o.j.JpaBaseConfiguration$JpaWebConfiguration - spring.jpa.open-in-view is enabled by default. Therefore, database queries may be performed during view rendering. Explicitly configure spring.jpa.open-in-view to disable this warning
11:18:20.311 logback [restartedMain] DEBUG o.s.w.s.m.m.a.RequestMappingHandlerAdapter - ControllerAdvice beans: 0 @ModelAttribute, 0 @InitBinder, 1 RequestBodyAdvice, 1 ResponseBodyAdvice
11:18:20.420 logback [restartedMain] DEBUG o.s.w.s.m.m.a.RequestMappingHandlerMapping - 4 mappings in 'requestMappingHandlerMapping'
11:18:20.483 logback [restartedMain] DEBUG o.s.w.s.h.SimpleUrlHandlerMapping - Patterns [/webjars/**, /**] in 'resourceHandlerMapping'
11:18:20.514 logback [restartedMain] DEBUG o.s.w.s.m.m.a.ExceptionHandlerExceptionResolver - ControllerAdvice beans: 0 @ExceptionHandler, 1 ResponseBodyAdvice
11:18:20.764 logback [restartedMain] INFO  o.s.b.d.a.OptionalLiveReloadServer - LiveReload server is running on port 35729
11:18:20.795 logback [restartedMain] INFO  o.a.coyote.http11.Http11NioProtocol - Starting ProtocolHandler ["http-nio-9090"]
11:18:20.842 logback [restartedMain] INFO  o.s.b.w.e.tomcat.TomcatWebServer - Tomcat started on port(s): 9090 (http) with context path ''
11:18:20.842 logback [restartedMain] INFO  o.s.d.r.c.DeferredRepositoryInitializationListener - Triggering deferred initialization of Spring Data repositories…
11:18:20.904 logback [restartedMain] INFO  o.s.d.r.c.DeferredRepositoryInitializationListener - Spring Data repositories initialized!
11:18:20.920 logback [restartedMain] INFO  com.etc.SpringbootjpaApplication - Started SpringbootjpaApplication in 9.442 seconds (JVM running for 12.409)
11:19:29.701 logback [restartedMain] INFO  com.etc.SpringbootjpaApplication - Starting SpringbootjpaApplication on USER-20190614YY with PID 4448 (D:\IdeaProjects2(2)\springbootjpa\target\classes started by Administrator in D:\IdeaProjects2(2))
11:19:29.701 logback [restartedMain] DEBUG com.etc.SpringbootjpaApplication - Running with Spring Boot v2.3.4.RELEASE, Spring v5.2.9.RELEASE
11:19:29.701 logback [restartedMain] INFO  com.etc.SpringbootjpaApplication - No active profile set, falling back to default profiles: default
11:19:29.826 logback [restartedMain] INFO  o.s.b.d.e.DevToolsPropertyDefaultsPostProcessor - Devtools property defaults active! Set 'spring.devtools.add-properties' to 'false' to disable
11:19:29.826 logback [restartedMain] INFO  o.s.b.d.e.DevToolsPropertyDefaultsPostProcessor - For additional web related logging consider setting the 'logging.level.web' property to 'DEBUG'
11:19:31.604 logback [restartedMain] INFO  o.s.d.r.c.RepositoryConfigurationDelegate - Bootstrapping Spring Data JPA repositories in DEFERRED mode.
11:19:31.807 logback [restartedMain] INFO  o.s.d.r.c.RepositoryConfigurationDelegate - Finished Spring Data repository scanning in 175ms. Found 2 JPA repository interfaces.
11:19:33.492 logback [restartedMain] INFO  o.s.b.w.e.tomcat.TomcatWebServer - Tomcat initialized with port(s): 9090 (http)
11:19:33.508 logback [restartedMain] INFO  o.a.coyote.http11.Http11NioProtocol - Initializing ProtocolHandler ["http-nio-9090"]
11:19:33.508 logback [restartedMain] INFO  o.a.catalina.core.StandardService - Starting service [Tomcat]
11:19:33.508 logback [restartedMain] INFO  o.a.catalina.core.StandardEngine - Starting Servlet engine: [Apache Tomcat/9.0.38]
11:19:33.866 logback [restartedMain] INFO  o.a.c.c.C.[Tomcat].[localhost].[/] - Initializing Spring embedded WebApplicationContext
11:19:33.866 logback [restartedMain] INFO  o.s.b.w.s.c.ServletWebServerApplicationContext - Root WebApplicationContext: initialization completed in 4040 ms
11:19:34.459 logback [restartedMain] INFO  o.s.s.c.ThreadPoolTaskExecutor - Initializing ExecutorService 'applicationTaskExecutor'
11:19:34.475 logback [restartedMain] INFO  com.zaxxer.hikari.HikariDataSource - HikariPool-1 - Starting...
11:19:34.849 logback [restartedMain] INFO  com.zaxxer.hikari.HikariDataSource - HikariPool-1 - Start completed.
11:19:35.021 logback [task-1] INFO  o.h.jpa.internal.util.LogHelper - HHH000204: Processing PersistenceUnitInfo [name: default]
11:19:35.302 logback [task-1] INFO  org.hibernate.Version - HHH000412: Hibernate ORM core version 5.4.21.Final
11:19:35.832 logback [task-1] INFO  o.h.annotations.common.Version - HCANN000001: Hibernate Commons Annotations {5.1.0.Final}
11:19:36.128 logback [task-1] INFO  org.hibernate.dialect.Dialect - HHH000400: Using dialect: org.hibernate.dialect.MySQL5Dialect
11:19:37.657 logback [task-1] INFO  o.h.e.t.j.p.i.JtaPlatformInitiator - HHH000490: Using JtaPlatform implementation: [org.hibernate.engine.transaction.jta.platform.internal.NoJtaPlatform]
11:19:37.688 logback [task-1] INFO  o.s.o.j.LocalContainerEntityManagerFactoryBean - Initialized JPA EntityManagerFactory for persistence unit 'default'
11:19:38.765 logback [restartedMain] WARN  o.s.b.a.o.j.JpaBaseConfiguration$JpaWebConfiguration - spring.jpa.open-in-view is enabled by default. Therefore, database queries may be performed during view rendering. Explicitly configure spring.jpa.open-in-view to disable this warning
11:19:39.092 logback [restartedMain] DEBUG o.s.w.s.m.m.a.RequestMappingHandlerAdapter - ControllerAdvice beans: 0 @ModelAttribute, 0 @InitBinder, 1 RequestBodyAdvice, 1 ResponseBodyAdvice
11:19:39.202 logback [restartedMain] DEBUG o.s.w.s.m.m.a.RequestMappingHandlerMapping - 4 mappings in 'requestMappingHandlerMapping'
11:19:39.280 logback [restartedMain] DEBUG o.s.w.s.h.SimpleUrlHandlerMapping - Patterns [/webjars/**, /**] in 'resourceHandlerMapping'
11:19:39.311 logback [restartedMain] DEBUG o.s.w.s.m.m.a.ExceptionHandlerExceptionResolver - ControllerAdvice beans: 0 @ExceptionHandler, 1 ResponseBodyAdvice
11:19:39.638 logback [restartedMain] INFO  o.s.b.d.a.OptionalLiveReloadServer - LiveReload server is running on port 35729
11:19:39.685 logback [restartedMain] INFO  o.a.coyote.http11.Http11NioProtocol - Starting ProtocolHandler ["http-nio-9090"]
11:19:39.732 logback [restartedMain] INFO  o.s.b.w.e.tomcat.TomcatWebServer - Tomcat started on port(s): 9090 (http) with context path ''
11:19:39.732 logback [restartedMain] INFO  o.s.d.r.c.DeferredRepositoryInitializationListener - Triggering deferred initialization of Spring Data repositories…
11:19:39.810 logback [restartedMain] INFO  o.s.d.r.c.DeferredRepositoryInitializationListener - Spring Data repositories initialized!
11:19:39.826 logback [restartedMain] INFO  com.etc.SpringbootjpaApplication - Started SpringbootjpaApplication in 11.937 seconds (JVM running for 18.259)
11:23:18.243 logback [http-nio-9090-exec-1] INFO  o.a.c.c.C.[Tomcat].[localhost].[/] - Initializing Spring DispatcherServlet 'dispatcherServlet'
11:23:18.244 logback [http-nio-9090-exec-1] INFO  o.s.web.servlet.DispatcherServlet - Initializing Servlet 'dispatcherServlet'
11:23:18.244 logback [http-nio-9090-exec-1] DEBUG o.s.web.servlet.DispatcherServlet - Detected StandardServletMultipartResolver
11:23:18.267 logback [http-nio-9090-exec-1] DEBUG o.s.web.servlet.DispatcherServlet - enableLoggingRequestDetails='false': request parameters and headers will be masked to prevent unsafe logging of potentially sensitive data
11:23:18.268 logback [http-nio-9090-exec-1] INFO  o.s.web.servlet.DispatcherServlet - Completed initialization in 24 ms
11:23:18.313 logback [http-nio-9090-exec-1] DEBUG o.s.web.servlet.DispatcherServlet - GET "/articlequery", parameters={}
11:23:18.331 logback [http-nio-9090-exec-1] DEBUG o.s.w.s.m.m.a.RequestMappingHandlerMapping - Mapped to com.etc.controller.ArticleController#query(Article, Pageable)
11:23:19.076 logback [http-nio-9090-exec-1] DEBUG o.s.w.s.v.ContentNegotiatingViewResolver - Selected 'text/html' given [text/html, application/xhtml+xml, image/avif, image/webp, image/apng, application/xml;q=0.9, application/signed-exchange;v=b3;q=0.9, */*;q=0.8]
11:23:20.179 logback [http-nio-9090-exec-1] DEBUG o.s.web.servlet.DispatcherServlet - Completed 200 OK
11:23:21.444 logback [http-nio-9090-exec-2] DEBUG o.s.web.servlet.DispatcherServlet - GET "/favicon.ico", parameters={}
11:23:21.459 logback [http-nio-9090-exec-2] DEBUG o.s.w.s.h.SimpleUrlHandlerMapping - Mapped to ResourceHttpRequestHandler ["classpath:/META-INF/resources/", "classpath:/resources/", "classpath:/static/", "classpath:/public/", "/"]
11:23:21.470 logback [http-nio-9090-exec-2] DEBUG o.s.w.s.r.ResourceHttpRequestHandler - Resource not found
11:23:21.471 logback [http-nio-9090-exec-2] DEBUG o.s.web.servlet.DispatcherServlet - Completed 404 NOT_FOUND
11:23:21.499 logback [http-nio-9090-exec-2] DEBUG o.s.web.servlet.DispatcherServlet - "ERROR" dispatch for GET "/error", parameters={}
11:23:21.499 logback [http-nio-9090-exec-2] DEBUG o.s.w.s.m.m.a.RequestMappingHandlerMapping - Mapped to org.springframework.boot.autoconfigure.web.servlet.error.BasicErrorController#error(HttpServletRequest)
11:23:21.546 logback [http-nio-9090-exec-2] DEBUG o.s.w.s.m.m.a.HttpEntityMethodProcessor - Using 'application/json;q=0.8', given [image/avif, image/webp, image/apng, image/*, */*;q=0.8] and supported [application/json, application/*+json, application/json, application/*+json]
11:23:21.546 logback [http-nio-9090-exec-2] DEBUG o.s.w.s.m.m.a.HttpEntityMethodProcessor - Writing [{timestamp=Thu Sep 24 11:23:21 CST 2020, status=404, error=Not Found, message=No message available,  (truncated)...]
11:23:21.708 logback [http-nio-9090-exec-2] DEBUG o.s.web.servlet.DispatcherServlet - Exiting from "ERROR" dispatch, status 404
11:23:56.395 logback [http-nio-9090-exec-5] DEBUG o.s.web.servlet.DispatcherServlet - POST "/articlequery", parameters={masked}
11:23:56.397 logback [http-nio-9090-exec-5] DEBUG o.s.w.s.m.m.a.RequestMappingHandlerMapping - Mapped to com.etc.controller.ArticleController#query(Article, Pageable)
11:23:56.690 logback [http-nio-9090-exec-5] DEBUG o.s.w.s.v.ContentNegotiatingViewResolver - Selected 'text/html' given [text/html, application/xhtml+xml, image/avif, image/webp, image/apng, application/xml;q=0.9, application/signed-exchange;v=b3;q=0.9, */*;q=0.8]
11:23:56.778 logback [http-nio-9090-exec-5] DEBUG o.s.web.servlet.DispatcherServlet - Completed 200 OK
11:24:44.460 logback [http-nio-9090-exec-8] DEBUG o.s.web.servlet.DispatcherServlet - POST "/articlequery", parameters={masked}
11:24:44.460 logback [http-nio-9090-exec-8] DEBUG o.s.w.s.m.m.a.RequestMappingHandlerMapping - Mapped to com.etc.controller.ArticleController#query(Article, Pageable)
11:24:44.517 logback [http-nio-9090-exec-8] DEBUG o.s.w.s.v.ContentNegotiatingViewResolver - Selected 'text/html' given [text/html, application/xhtml+xml, image/avif, image/webp, image/apng, application/xml;q=0.9, application/signed-exchange;v=b3;q=0.9, */*;q=0.8]
11:24:44.589 logback [http-nio-9090-exec-8] DEBUG o.s.web.servlet.DispatcherServlet - Completed 200 OK
11:24:53.753 logback [http-nio-9090-exec-10] DEBUG o.s.web.servlet.DispatcherServlet - POST "/articlequery", parameters={masked}
11:24:53.753 logback [http-nio-9090-exec-10] DEBUG o.s.w.s.m.m.a.RequestMappingHandlerMapping - Mapped to com.etc.controller.ArticleController#query(Article, Pageable)
11:24:53.794 logback [http-nio-9090-exec-10] DEBUG o.s.w.s.v.ContentNegotiatingViewResolver - Selected 'text/html' given [text/html, application/xhtml+xml, image/avif, image/webp, image/apng, application/xml;q=0.9, application/signed-exchange;v=b3;q=0.9, */*;q=0.8]
11:24:53.812 logback [http-nio-9090-exec-10] DEBUG o.s.web.servlet.DispatcherServlet - Completed 200 OK
11:24:56.546 logback [http-nio-9090-exec-1] DEBUG o.s.web.servlet.DispatcherServlet - POST "/articlequery", parameters={masked}
11:24:56.546 logback [http-nio-9090-exec-1] DEBUG o.s.w.s.m.m.a.RequestMappingHandlerMapping - Mapped to com.etc.controller.ArticleController#query(Article, Pageable)
11:24:56.638 logback [http-nio-9090-exec-1] DEBUG o.s.w.s.v.ContentNegotiatingViewResolver - Selected 'text/html' given [text/html, application/xhtml+xml, image/avif, image/webp, image/apng, application/xml;q=0.9, application/signed-exchange;v=b3;q=0.9, */*;q=0.8]
11:24:56.648 logback [http-nio-9090-exec-1] DEBUG o.s.web.servlet.DispatcherServlet - Completed 200 OK
11:25:00.676 logback [http-nio-9090-exec-3] DEBUG o.s.web.servlet.DispatcherServlet - POST "/articlequery", parameters={masked}
11:25:00.677 logback [http-nio-9090-exec-3] DEBUG o.s.w.s.m.m.a.RequestMappingHandlerMapping - Mapped to com.etc.controller.ArticleController#query(Article, Pageable)
11:25:00.707 logback [http-nio-9090-exec-3] DEBUG o.s.w.s.v.ContentNegotiatingViewResolver - Selected 'text/html' given [text/html, application/xhtml+xml, image/avif, image/webp, image/apng, application/xml;q=0.9, application/signed-exchange;v=b3;q=0.9, */*;q=0.8]
11:25:00.722 logback [http-nio-9090-exec-3] DEBUG o.s.web.servlet.DispatcherServlet - Completed 200 OK
11:25:07.211 logback [http-nio-9090-exec-5] DEBUG o.s.web.servlet.DispatcherServlet - POST "/articlequery", parameters={masked}
11:25:07.211 logback [http-nio-9090-exec-5] DEBUG o.s.w.s.m.m.a.RequestMappingHandlerMapping - Mapped to com.etc.controller.ArticleController#query(Article, Pageable)
11:25:07.226 logback [http-nio-9090-exec-5] DEBUG o.s.w.s.v.ContentNegotiatingViewResolver - Selected 'text/html' given [text/html, application/xhtml+xml, image/avif, image/webp, image/apng, application/xml;q=0.9, application/signed-exchange;v=b3;q=0.9, */*;q=0.8]
11:25:07.253 logback [http-nio-9090-exec-5] DEBUG o.s.web.servlet.DispatcherServlet - Completed 200 OK
11:25:09.086 logback [http-nio-9090-exec-7] DEBUG o.s.web.servlet.DispatcherServlet - POST "/articlequery", parameters={masked}
11:25:09.086 logback [http-nio-9090-exec-7] DEBUG o.s.w.s.m.m.a.RequestMappingHandlerMapping - Mapped to com.etc.controller.ArticleController#query(Article, Pageable)
11:25:09.125 logback [http-nio-9090-exec-7] DEBUG o.s.w.s.v.ContentNegotiatingViewResolver - Selected 'text/html' given [text/html, application/xhtml+xml, image/avif, image/webp, image/apng, application/xml;q=0.9, application/signed-exchange;v=b3;q=0.9, */*;q=0.8]
11:25:09.138 logback [http-nio-9090-exec-7] DEBUG o.s.web.servlet.DispatcherServlet - Completed 200 OK
11:25:12.644 logback [http-nio-9090-exec-9] DEBUG o.s.web.servlet.DispatcherServlet - POST "/articlequery", parameters={masked}
11:25:12.645 logback [http-nio-9090-exec-9] DEBUG o.s.w.s.m.m.a.RequestMappingHandlerMapping - Mapped to com.etc.controller.ArticleController#query(Article, Pageable)
11:25:12.666 logback [http-nio-9090-exec-9] DEBUG o.s.w.s.v.ContentNegotiatingViewResolver - Selected 'text/html' given [text/html, application/xhtml+xml, image/avif, image/webp, image/apng, application/xml;q=0.9, application/signed-exchange;v=b3;q=0.9, */*;q=0.8]
11:25:12.683 logback [http-nio-9090-exec-9] DEBUG o.s.web.servlet.DispatcherServlet - Completed 200 OK
11:25:15.194 logback [http-nio-9090-exec-10] DEBUG o.s.web.servlet.DispatcherServlet - GET "/articleget/1", parameters={}
11:25:15.194 logback [http-nio-9090-exec-10] DEBUG o.s.w.s.h.SimpleUrlHandlerMapping - Mapped to ResourceHttpRequestHandler ["classpath:/META-INF/resources/", "classpath:/resources/", "classpath:/static/", "classpath:/public/", "/"]
11:25:15.194 logback [http-nio-9090-exec-10] DEBUG o.s.w.s.r.ResourceHttpRequestHandler - Resource not found
11:25:15.194 logback [http-nio-9090-exec-10] DEBUG o.s.web.servlet.DispatcherServlet - Completed 404 NOT_FOUND
11:25:15.194 logback [http-nio-9090-exec-10] DEBUG o.s.web.servlet.DispatcherServlet - "ERROR" dispatch for GET "/error", parameters={}
11:25:15.194 logback [http-nio-9090-exec-10] DEBUG o.s.w.s.m.m.a.RequestMappingHandlerMapping - Mapped to org.springframework.boot.autoconfigure.web.servlet.error.BasicErrorController#errorHtml(HttpServletRequest, HttpServletResponse)
11:25:15.258 logback [http-nio-9090-exec-10] DEBUG o.s.w.s.v.ContentNegotiatingViewResolver - Selected 'text/html' given [text/html, text/html;q=0.8]
11:25:15.274 logback [http-nio-9090-exec-10] DEBUG o.s.web.servlet.DispatcherServlet - Exiting from "ERROR" dispatch, status 404
11:28:40.558 logback [http-nio-9090-exec-5] DEBUG o.s.web.servlet.DispatcherServlet - POST "/articlequery", parameters={masked}
11:28:40.559 logback [http-nio-9090-exec-5] DEBUG o.s.w.s.m.m.a.RequestMappingHandlerMapping - Mapped to com.etc.controller.ArticleController#query(Article, Pageable)
11:28:40.586 logback [http-nio-9090-exec-5] DEBUG o.s.w.s.v.ContentNegotiatingViewResolver - Selected 'text/html' given [text/html, application/xhtml+xml, image/avif, image/webp, image/apng, application/xml;q=0.9, application/signed-exchange;v=b3;q=0.9, */*;q=0.8]
11:28:40.634 logback [http-nio-9090-exec-5] DEBUG o.s.web.servlet.DispatcherServlet - Completed 200 OK
11:28:41.724 logback [http-nio-9090-exec-7] DEBUG o.s.web.servlet.DispatcherServlet - POST "/articlequery", parameters={masked}
11:28:41.725 logback [http-nio-9090-exec-7] DEBUG o.s.w.s.m.m.a.RequestMappingHandlerMapping - Mapped to com.etc.controller.ArticleController#query(Article, Pageable)
11:28:41.746 logback [http-nio-9090-exec-7] DEBUG o.s.w.s.v.ContentNegotiatingViewResolver - Selected 'text/html' given [text/html, application/xhtml+xml, image/avif, image/webp, image/apng, application/xml;q=0.9, application/signed-exchange;v=b3;q=0.9, */*;q=0.8]
11:28:41.769 logback [http-nio-9090-exec-7] DEBUG o.s.web.servlet.DispatcherServlet - Completed 200 OK
11:28:42.764 logback [http-nio-9090-exec-6] DEBUG o.s.web.servlet.DispatcherServlet - POST "/articlequery", parameters={masked}
11:28:42.768 logback [http-nio-9090-exec-6] DEBUG o.s.w.s.m.m.a.RequestMappingHandlerMapping - Mapped to com.etc.controller.ArticleController#query(Article, Pageable)
11:28:42.791 logback [http-nio-9090-exec-6] DEBUG o.s.w.s.v.ContentNegotiatingViewResolver - Selected 'text/html' given [text/html, application/xhtml+xml, image/avif, image/webp, image/apng, application/xml;q=0.9, application/signed-exchange;v=b3;q=0.9, */*;q=0.8]
11:28:42.805 logback [http-nio-9090-exec-6] DEBUG o.s.web.servlet.DispatcherServlet - Completed 200 OK
13:59:39.593 logback [http-nio-9090-exec-10] DEBUG o.s.web.servlet.DispatcherServlet - GET "/articlequery", parameters={}
13:59:39.639 logback [http-nio-9090-exec-10] DEBUG o.s.w.s.m.m.a.RequestMappingHandlerMapping - Mapped to com.etc.controller.ArticleController#query(Article, Pageable)
13:59:39.763 logback [http-nio-9090-exec-10] DEBUG o.s.w.s.v.ContentNegotiatingViewResolver - Selected 'text/html' given [text/html, application/xhtml+xml, image/avif, image/webp, image/apng, application/xml;q=0.9, application/signed-exchange;v=b3;q=0.9, */*;q=0.8]
13:59:39.813 logback [http-nio-9090-exec-10] DEBUG o.s.web.servlet.DispatcherServlet - Completed 200 OK
13:59:42.415 logback [http-nio-9090-exec-4] DEBUG o.s.web.servlet.DispatcherServlet - POST "/articlequery", parameters={masked}
13:59:42.416 logback [http-nio-9090-exec-4] DEBUG o.s.w.s.m.m.a.RequestMappingHandlerMapping - Mapped to com.etc.controller.ArticleController#query(Article, Pageable)
13:59:42.445 logback [http-nio-9090-exec-4] DEBUG o.s.w.s.v.ContentNegotiatingViewResolver - Selected 'text/html' given [text/html, application/xhtml+xml, image/avif, image/webp, image/apng, application/xml;q=0.9, application/signed-exchange;v=b3;q=0.9, */*;q=0.8]
13:59:42.459 logback [http-nio-9090-exec-4] DEBUG o.s.web.servlet.DispatcherServlet - Completed 200 OK
13:59:44.050 logback [http-nio-9090-exec-1] DEBUG o.s.web.servlet.DispatcherServlet - POST "/articlequery", parameters={masked}
13:59:44.050 logback [http-nio-9090-exec-1] DEBUG o.s.w.s.m.m.a.RequestMappingHandlerMapping - Mapped to com.etc.controller.ArticleController#query(Article, Pageable)
13:59:44.058 logback [http-nio-9090-exec-1] DEBUG o.s.w.s.v.ContentNegotiatingViewResolver - Selected 'text/html' given [text/html, application/xhtml+xml, image/avif, image/webp, image/apng, application/xml;q=0.9, application/signed-exchange;v=b3;q=0.9, */*;q=0.8]
13:59:44.070 logback [http-nio-9090-exec-1] DEBUG o.s.web.servlet.DispatcherServlet - Completed 200 OK
13:59:46.699 logback [http-nio-9090-exec-5] DEBUG o.s.web.servlet.DispatcherServlet - POST "/articlequery", parameters={masked}
13:59:46.700 logback [http-nio-9090-exec-5] DEBUG o.s.w.s.m.m.a.RequestMappingHandlerMapping - Mapped to com.etc.controller.ArticleController#query(Article, Pageable)
13:59:46.711 logback [http-nio-9090-exec-5] DEBUG o.s.w.s.v.ContentNegotiatingViewResolver - Selected 'text/html' given [text/html, application/xhtml+xml, image/avif, image/webp, image/apng, application/xml;q=0.9, application/signed-exchange;v=b3;q=0.9, */*;q=0.8]
13:59:46.721 logback [http-nio-9090-exec-5] DEBUG o.s.web.servlet.DispatcherServlet - Completed 200 OK
13:59:48.275 logback [http-nio-9090-exec-7] DEBUG o.s.web.servlet.DispatcherServlet - POST "/articlequery", parameters={masked}
13:59:48.275 logback [http-nio-9090-exec-7] DEBUG o.s.w.s.m.m.a.RequestMappingHandlerMapping - Mapped to com.etc.controller.ArticleController#query(Article, Pageable)
13:59:48.287 logback [http-nio-9090-exec-7] DEBUG o.s.w.s.v.ContentNegotiatingViewResolver - Selected 'text/html' given [text/html, application/xhtml+xml, image/avif, image/webp, image/apng, application/xml;q=0.9, application/signed-exchange;v=b3;q=0.9, */*;q=0.8]
13:59:48.302 logback [http-nio-9090-exec-7] DEBUG o.s.web.servlet.DispatcherServlet - Completed 200 OK
